<?xml version="1.0" encoding="UTF-8" ?>
<testsuite tests="4" failures="1" name="RunCucumberTest" time="28.563" errors="0" skipped="0">
  <properties>
[...]
</properties>
  <testcase classname="Search on google" name="User performs a search on Google and the results are optimal" time="9.133"/>
  <testcase classname="Search on google" name="User performs a search on Google and the results are optimal" time="8.103">
    <failure type="java.lang.AssertionError">java.lang.AssertionError
	at org.junit.Assert.fail(Assert.java:86)
	at org.junit.Assert.assertTrue(Assert.java:41)
	at org.junit.Assert.assertTrue(Assert.java:52)
	at stepdefs.GoogleSteps.iCanSeeInTheResults(GoogleSteps.java:47)
	at ✽.I can see sarasa in the results(file:src/test/resources/features/google_search.feature:6)
</failure>
    <system-out>
  Scenario Outline: User performs a search on Google and the results are optimal &amp;#27;[90m# src/test/resources/features/google_search.feature:10&amp;#27;[0m
    &amp;#27;[32mGiven &amp;#27;[0m&amp;#27;[32mI open google homepage&amp;#27;[0m                                                 &amp;#27;[90m# GoogleSteps.iOpenGoogleHomepage()&amp;#27;[0m
    &amp;#27;[32mWhen &amp;#27;[0m&amp;#27;[32mI search for &amp;#27;[0m&amp;#27;[32m&amp;#27;[1morange&amp;#27;[0m                                                     &amp;#27;[90m# GoogleSteps.iSearchFor(String)&amp;#27;[0m
    &amp;#27;[31mThen &amp;#27;[0m&amp;#27;[31mI can see &amp;#27;[0m&amp;#27;[31m&amp;#27;[1msarasa&amp;#27;[0m&amp;#27;[31m in the results&amp;#27;[0m                                         &amp;#27;[90m# GoogleSteps.iCanSeeInTheResults(String)&amp;#27;[0m
      &amp;#27;[31mjava.lang.AssertionError
	at org.junit.Assert.fail(Assert.java:86)
	at org.junit.Assert.assertTrue(Assert.java:41)
	at org.junit.Assert.assertTrue(Assert.java:52)
	at stepdefs.GoogleSteps.iCanSeeInTheResults(GoogleSteps.java:47)
	at ?.I can see sarasa in the results(file:src/test/resources/features/google_search.feature:6)
&amp;#27;[0m
</system-out>
    <system-err>Starting ChromeDriver 2.41.578737 (49da6702b16031c40d63e5618de03a32ff6c197e) on port 26539
Only local connections are allowed.
Aug 30, 2019 10:59:12 AM org.openqa.selenium.remote.DesiredCapabilities chrome
INFO: Using `new ChromeOptions()` is preferred to `DesiredCapabilities.chrome()`
[1567155555.281][WARNING]: Timed out connecting to Chrome, retrying...
Aug 30, 2019 10:59:17 AM org.openqa.selenium.remote.ProtocolHandshake createSession
INFO: Detected dialect: OSS
</system-err>
  </testcase>
  <testcase classname="Is it Friday yet?" name="Sunday isn&apos;t Friday" time="5.65"/>
  <testcase classname="Is it Friday yet?" name="Friday is Friday" time="5.677"/>
</testsuite>